<?xml version="1.0" encoding="UTF-8"?>
<testsuite xmlns:xsi="http://www.w3.org/2001/XMLSchema-instance" xsi:noNamespaceSchemaLocation="https://maven.apache.org/surefire/maven-surefire-plugin/xsd/surefire-test-report-3.0.xsd" version="3.0" name="bookrecommender.H2DatabaseIntegrationTest" time="0.216" tests="13" errors="0" skipped="0" failures="0">
  <properties>
[...]
</properties>
  <testcase name="testGetAllUsers" classname="bookrecommender.H2DatabaseIntegrationTest" time="0.011">
    <system-out><![CDATA[18:25:39.473 [main] DEBUG com.zaxxer.hikari.HikariConfig -- HikariPool-1 - configuration:
18:25:39.477 [main] DEBUG com.zaxxer.hikari.HikariConfig -- allowPoolSuspension.............false
18:25:39.477 [main] DEBUG com.zaxxer.hikari.HikariConfig -- autoCommit......................true
18:25:39.477 [main] DEBUG com.zaxxer.hikari.HikariConfig -- catalog.........................none
18:25:39.477 [main] DEBUG com.zaxxer.hikari.HikariConfig -- connectionInitSql...............none
18:25:39.477 [main] DEBUG com.zaxxer.hikari.HikariConfig -- connectionTestQuery.............none
18:25:39.478 [main] DEBUG com.zaxxer.hikari.HikariConfig -- connectionTimeout...............30000
18:25:39.479 [main] DEBUG com.zaxxer.hikari.HikariConfig -- credentials.....................com.zaxxer.hikari.util.Credentials@6b8d96d9
18:25:39.479 [main] DEBUG com.zaxxer.hikari.HikariConfig -- dataSource......................none
18:25:39.479 [main] DEBUG com.zaxxer.hikari.HikariConfig -- dataSourceClassName.............none
18:25:39.479 [main] DEBUG com.zaxxer.hikari.HikariConfig -- dataSourceJNDI..................none
18:25:39.479 [main] DEBUG com.zaxxer.hikari.HikariConfig -- dataSourceProperties............{password=<masked>, prepStmtCacheSqlLimit=2048, cachePrepStmts=true, prepStmtCacheSize=250}
18:25:39.479 [main] DEBUG com.zaxxer.hikari.HikariConfig -- driverClassName.................none
18:25:39.479 [main] DEBUG com.zaxxer.hikari.HikariConfig -- exceptionOverride...............none
18:25:39.479 [main] DEBUG com.zaxxer.hikari.HikariConfig -- exceptionOverrideClassName......none
18:25:39.479 [main] DEBUG com.zaxxer.hikari.HikariConfig -- healthCheckProperties...........{}
18:25:39.479 [main] DEBUG com.zaxxer.hikari.HikariConfig -- healthCheckRegistry.............none
18:25:39.480 [main] DEBUG com.zaxxer.hikari.HikariConfig -- idleTimeout.....................600000
18:25:39.480 [main] DEBUG com.zaxxer.hikari.HikariConfig -- initializationFailTimeout.......1
18:25:39.480 [main] DEBUG com.zaxxer.hikari.HikariConfig -- isolateInternalQueries..........false
18:25:39.480 [main] DEBUG com.zaxxer.hikari.HikariConfig -- jdbcUrl.........................jdbc:h2:mem:testdb;DB_CLOSE_DELAY=-1;MODE=PostgreSQL;NON_KEYWORDS=YEAR
18:25:39.480 [main] DEBUG com.zaxxer.hikari.HikariConfig -- keepaliveTime...................120000
18:25:39.480 [main] DEBUG com.zaxxer.hikari.HikariConfig -- leakDetectionThreshold..........0
18:25:39.480 [main] DEBUG com.zaxxer.hikari.HikariConfig -- maxLifetime.....................1800000
18:25:39.480 [main] DEBUG com.zaxxer.hikari.HikariConfig -- maximumPoolSize.................10
18:25:39.480 [main] DEBUG com.zaxxer.hikari.HikariConfig -- metricRegistry..................none
18:25:39.480 [main] DEBUG com.zaxxer.hikari.HikariConfig -- metricsTrackerFactory...........none
18:25:39.480 [main] DEBUG com.zaxxer.hikari.HikariConfig -- minimumIdle.....................10
18:25:39.480 [main] DEBUG com.zaxxer.hikari.HikariConfig -- password........................<masked>
18:25:39.481 [main] DEBUG com.zaxxer.hikari.HikariConfig -- poolName........................"HikariPool-1"
18:25:39.481 [main] DEBUG com.zaxxer.hikari.HikariConfig -- readOnly........................false
18:25:39.481 [main] DEBUG com.zaxxer.hikari.HikariConfig -- registerMbeans..................false
18:25:39.481 [main] DEBUG com.zaxxer.hikari.HikariConfig -- scheduledExecutor...............none
18:25:39.481 [main] DEBUG com.zaxxer.hikari.HikariConfig -- schema..........................none
18:25:39.481 [main] DEBUG com.zaxxer.hikari.HikariConfig -- threadFactory...................internal
18:25:39.481 [main] DEBUG com.zaxxer.hikari.HikariConfig -- transactionIsolation............default
18:25:39.481 [main] DEBUG com.zaxxer.hikari.HikariConfig -- username........................"sa"
18:25:39.481 [main] DEBUG com.zaxxer.hikari.HikariConfig -- validationTimeout...............5000
18:25:39.487 [main] INFO com.zaxxer.hikari.HikariDataSource -- HikariPool-1 - Starting...
18:25:39.489 [main] DEBUG com.zaxxer.hikari.util.DriverDataSource -- Loaded driver with class name org.h2.Driver for jdbcUrl=jdbc:h2:mem:testdb;DB_CLOSE_DELAY=-1;MODE=PostgreSQL;NON_KEYWORDS=YEAR
18:25:39.491 [main] DEBUG com.zaxxer.hikari.pool.PoolBase -- HikariPool-1 - Attempting to create/setup new connection (10244bf1-0b69-43dd-9bf8-28b9439d0f94)
18:25:39.493 [main] DEBUG com.zaxxer.hikari.pool.PoolBase -- HikariPool-1 - Established new connection (10244bf1-0b69-43dd-9bf8-28b9439d0f94)
18:25:39.494 [main] INFO com.zaxxer.hikari.pool.HikariPool -- HikariPool-1 - Added connection conn1: url=jdbc:h2:mem:testdb user=SA
18:25:39.494 [main] INFO com.zaxxer.hikari.HikariDataSource -- HikariPool-1 - Start completed.
H2 Database initialized with test data
Test User ID: testuser_ad9cc4d4
]]></system-out>
  </testcase>
  <testcase name="testGetAllBooks" classname="bookrecommender.H2DatabaseIntegrationTest" time="0.001"/>
  <testcase name="testGetAllBookshelves" classname="bookrecommender.H2DatabaseIntegrationTest" time="0.002"/>
  <testcase name="testGetAllRatings" classname="bookrecommender.H2DatabaseIntegrationTest" time="0.002"/>
  <testcase name="testGetAllSuggestions" classname="bookrecommender.H2DatabaseIntegrationTest" time="0.0"/>
  <testcase name="testSaveUser" classname="bookrecommender.H2DatabaseIntegrationTest" time="0.0"/>
  <testcase name="testSaveBookshelf" classname="bookrecommender.H2DatabaseIntegrationTest" time="0.001"/>
  <testcase name="testSaveRating" classname="bookrecommender.H2DatabaseIntegrationTest" time="0.001"/>
  <testcase name="testSaveSuggestion" classname="bookrecommender.H2DatabaseIntegrationTest" time="0.0"/>
  <testcase name="testSaveComment" classname="bookrecommender.H2DatabaseIntegrationTest" time="0.002"/>
  <testcase name="testAddBookToBookshelf" classname="bookrecommender.H2DatabaseIntegrationTest" time="0.001"/>
  <testcase name="testDeleteBookshelf" classname="bookrecommender.H2DatabaseIntegrationTest" time="0.001"/>
  <testcase name="testRenameBookshelf" classname="bookrecommender.H2DatabaseIntegrationTest" time="0.002"/>
</testsuite>