<?xml version="1.0" encoding="UTF-8"?>
<testsuite xmlns:xsi="http://www.w3.org/2001/XMLSchema-instance" xsi:noNamespaceSchemaLocation="https://maven.apache.org/surefire/maven-surefire-plugin/xsd/surefire-test-report-3.0.xsd" version="3.0" name="bookrecommender.Book_keyTest" time="0.011" tests="22" errors="0" skipped="0" failures="0">
  <properties>
[...]
</properties>
  <testcase name="testSpecialCharacters" classname="bookrecommender.Book_keyTest" time="0.0"/>
  <testcase name="testAuthorYearCombination" classname="bookrecommender.Book_keyTest" time="0.0"/>
  <testcase name="testCaseSensitiveTitle" classname="bookrecommender.Book_keyTest" time="0.001"/>
  <testcase name="testNullAuthorCreation" classname="bookrecommender.Book_keyTest" time="0.0"/>
  <testcase name="testIsSerializable" classname="bookrecommender.Book_keyTest" time="0.001"/>
  <testcase name="testEmptyStrings" classname="bookrecommender.Book_keyTest" time="0.0"/>
  <testcase name="testCaseSensitiveAuthor" classname="bookrecommender.Book_keyTest" time="0.0"/>
  <testcase name="testHashCodeDifferentKeys" classname="bookrecommender.Book_keyTest" time="0.0"/>
  <testcase name="testEqualsIdenticalKeys" classname="bookrecommender.Book_keyTest" time="0.0"/>
  <testcase name="testEqualsDifferentYears" classname="bookrecommender.Book_keyTest" time="0.0"/>
  <testcase name="testEqualsDifferentTitles" classname="bookrecommender.Book_keyTest" time="0.0"/>
  <testcase name="testHashCodeConsistency" classname="bookrecommender.Book_keyTest" time="0.0"/>
  <testcase name="testVeryLongStrings" classname="bookrecommender.Book_keyTest" time="0.0"/>
  <testcase name="testHashCodeIdenticalKeys" classname="bookrecommender.Book_keyTest" time="0.0"/>
  <testcase name="testNullTitleEquals" classname="bookrecommender.Book_keyTest" time="0.0"/>
  <testcase name="testNullYearCreation" classname="bookrecommender.Book_keyTest" time="0.0"/>
  <testcase name="testAuthorWithForwardSlash" classname="bookrecommender.Book_keyTest" time="0.0"/>
  <testcase name="testEqualsDifferentAuthors" classname="bookrecommender.Book_keyTest" time="0.0"/>
  <testcase name="testEqualsSameObject" classname="bookrecommender.Book_keyTest" time="0.0"/>
  <testcase name="testEqualsWithDifferentClass" classname="bookrecommender.Book_keyTest" time="0.001"/>
  <testcase name="testConstructor" classname="bookrecommender.Book_keyTest" time="0.0"/>
  <testcase name="testEqualsWithNull" classname="bookrecommender.Book_keyTest" time="0.001"/>
</testsuite>