<?xml version="1.0" encoding="UTF-8"?>
<testsuite xmlns:xsi="http://www.w3.org/2001/XMLSchema-instance" xsi:noNamespaceSchemaLocation="https://maven.apache.org/surefire/maven-surefire-plugin/xsd/surefire-test-report-3.0.xsd" version="3.0" name="bookrecommender.Bookshelf_keyTest" time="0.006" tests="22" errors="0" skipped="0" failures="0">
  <properties>
[...]
</properties>
  <testcase name="testIsSerializable" classname="bookrecommender.Bookshelf_keyTest" time="0.001"/>
  <testcase name="testEmptyStrings" classname="bookrecommender.Bookshelf_keyTest" time="0.0"/>
  <testcase name="testDifferentNamesSameUser" classname="bookrecommender.Bookshelf_keyTest" time="0.0"/>
  <testcase name="testWhitespaceInFields" classname="bookrecommender.Bookshelf_keyTest" time="0.0"/>
  <testcase name="testHashCodeDifferentKeys" classname="bookrecommender.Bookshelf_keyTest" time="0.0"/>
  <testcase name="testEqualsIdenticalKeys" classname="bookrecommender.Bookshelf_keyTest" time="0.001"/>
  <testcase name="testEqualsDifferentNames" classname="bookrecommender.Bookshelf_keyTest" time="0.0"/>
  <testcase name="testHashCodeConsistency" classname="bookrecommender.Bookshelf_keyTest" time="0.0"/>
  <testcase name="testVeryLongStrings" classname="bookrecommender.Bookshelf_keyTest" time="0.0"/>
  <testcase name="testHashCodeIdenticalKeys" classname="bookrecommender.Bookshelf_keyTest" time="0.001"/>
  <testcase name="testCaseSensitiveUserId" classname="bookrecommender.Bookshelf_keyTest" time="0.0"/>
  <testcase name="testNullNameEquals" classname="bookrecommender.Bookshelf_keyTest" time="0.0"/>
  <testcase name="testSameNameDifferentUsers" classname="bookrecommender.Bookshelf_keyTest" time="0.0"/>
  <testcase name="testCaseSensitiveName" classname="bookrecommender.Bookshelf_keyTest" time="0.0"/>
  <testcase name="testSpecialCharactersInName" classname="bookrecommender.Bookshelf_keyTest" time="0.0"/>
  <testcase name="testEqualsSameObject" classname="bookrecommender.Bookshelf_keyTest" time="0.0"/>
  <testcase name="testEqualsWithDifferentClass" classname="bookrecommender.Bookshelf_keyTest" time="0.001"/>
  <testcase name="testEqualsDifferentUserIds" classname="bookrecommender.Bookshelf_keyTest" time="0.0"/>
  <testcase name="testNullUserIdEquals" classname="bookrecommender.Bookshelf_keyTest" time="0.0"/>
  <testcase name="testConstructor" classname="bookrecommender.Bookshelf_keyTest" time="0.0"/>
  <testcase name="testEqualsWithNull" classname="bookrecommender.Bookshelf_keyTest" time="0.0"/>
  <testcase name="testSpecialCharactersInUserId" classname="bookrecommender.Bookshelf_keyTest" time="0.0"/>
</testsuite>